CopyStringsFile DerivedData2/consumervenice/Build/Products/Debug-iphonesimulator/consumerVeniceIntentsExtension.appex/pl.lproj/SendMoney.strings consumervenice/application/module/sendmoney/localization/pl.lproj/SendMoney.strings
    cd /Users/rubhatt/Documents/PayPalApp/consumer-venice-ios
    export PATH="/Applications/Xcode-beta.app/Contents/Developer/Platforms/iPhoneSimulator.platform/Developer/usr/bin:/Applications/Xcode-beta.app/Contents/Developer/usr/bin:/Library/Frameworks/Python.framework/Versions/3.6/bin:/usr/local/bin:/usr/bin:/bin:/usr/sbin:/sbin:/Users/rubhatt/.rvm/bin"
    builtin-copyStrings --validate --inputencoding utf-8 --outputencoding binary --outdir /Users/rubhatt/Documents/PayPalApp/consumer-venice-ios/DerivedData2/consumervenice/Build/Products/Debug-iphonesimulator/consumerVeniceIntentsExtension.appex/pl.lproj -- consumervenice/application/module/sendmoney/localization/pl.lproj/SendMoney.strings

2017-06-27 12:03:29.782 xcodebuild[10957:73674]  DVTAssertions: Warning in /Library/Caches/com.apple.xbs/Sources/IDEXcode3ProjectSupport/IDEXcode3ProjectSupport-13134.19/Xcode3Core/LegacyProjects/Frameworks/DevToolsCore/DevToolsCore/BuildSystem/Runtime/PBXTargetBuildContext.mm:757
Details:  unexpected successful exit code from cancelled command <C0051:'CopyStringsFile SendMoney.strings':P8>
Object:   <PBXTargetBuildContext: 0x7fcba05aaeb0>
Method:   -createCommandInvocationRecordFromInvocation:
Thread:   <NSThread: 0x7fcba6903d30>{number = 27, name = (null)}
Please file a bug at http://bugreport.apple.com with this warning message and any useful information you can provide.
2017-06-27 12:03:29.782 xcodebuild[10957:73674]  DVTAssertions: Warning in /Library/Caches/com.apple.xbs/Sources/IDEXcode3ProjectSupport/IDEXcode3ProjectSupport-13134.19/Xcode3Core/LegacyProjects/Frameworks/DevToolsCore/DevToolsCore/BuildSystem/Runtime/PBXTargetBuildContext.mm:757
Details:  unexpected successful exit code from cancelled command <C0035:'CpResource WalletSdkPresentationBundle.bundle':P8>
Object:   <PBXTargetBuildContext: 0x7fcba05aaeb0>
Method:   -createCommandInvocationRecordFromInvocation:
Thread:   <NSThread: 0x7fcba6903d30>{number = 27, name = (null)}
Please file a bug at http://bugreport.apple.com with this warning message and any useful information you can provide.
2017-06-27 12:03:30.394 xcodebuild[10957:70843] Error Domain=IDETestOperationsObserverErrorDomain Code=14 "Test operation was canceled. If you believe this error represents a bug, please attach the log file at /var/folders/nd/ppzdzhl12g12n0_pg9s87s3h3kg_qy/T/com.apple.dt.XCTest/IDETestRunSession-A7BD2D8B-FF53-4FBD-8068-0E05724A952D/consumerveniceOnboardingUITests1-A105F375-1109-4825-8155-F7786D9F6DA4/Session-consumerveniceOnboardingUITests1-2017-06-27_115719-CQ6CXJ.log" UserInfo={NSLocalizedDescription=Test operation was canceled. If you believe this error represents a bug, please attach the log file at /var/folders/nd/ppzdzhl12g12n0_pg9s87s3h3kg_qy/T/com.apple.dt.XCTest/IDETestRunSession-A7BD2D8B-FF53-4FBD-8068-0E05724A952D/consumerveniceOnboardingUITests1-A105F375-1109-4825-8155-F7786D9F6DA4/Session-consumerveniceOnboardingUITests1-2017-06-27_115719-CQ6CXJ.log}

Testing failed:
	error: remove /Users/rubhatt/Documents/PayPalApp/consumer-venice-ios/DerivedData2/consumervenice/Build/Products/Debug-iphonesimulator/consumerVeniceIntentsExtension.appex/WalletSdkI18nBundle.bundle: Directory not empty
	error: couldn't remove '/Users/rubhatt/Documents/PayPalApp/consumer-venice-ios/DerivedData2/consumervenice/Build/Products/Debug-iphonesimulator/consumerVeniceIntentsExtension.appex/WalletSdkI18nBundle.bundle' after command failed: Directory not empty
** TEST FAILED **


The following build commands failed:
	CpResource DerivedData2/consumervenice/Build/Products/Debug-iphonesimulator/WalletSdkI18nBundle.bundle DerivedData2/consumervenice/Build/Products/Debug-iphonesimulator/consumerVeniceIntentsExtension.appex/WalletSdkI18nBundle.bundle
(1 failure)





error 2)

Ld DerivedData2/consumervenice/Build/Products/Debug-iphonesimulator/PayPal.app/PayPal normal x86_64
    cd /Users/rubhatt/Documents/PayPalApp/consumer-venice-ios
    export IPHONEOS_DEPLOYMENT_TARGET=8.1
    export PATH="/Applications/Xcode-beta.app/Contents/Developer/Platforms/iPhoneSimulator.platform/Developer/usr/bin:/Applications/Xcode-beta.app/Contents/Developer/usr/bin:/Library/Frameworks/Python.framework/Versions/3.6/bin:/usr/local/bin:/usr/bin:/bin:/usr/sbin:/sbin:/Users/rubhatt/.rvm/bin"
    /Applications/Xcode-beta.app/Contents/Developer/Toolchains/XcodeDefault.xctoolchain/usr/bin/clang -arch x86_64 -isysroot /Applications/Xcode-beta.app/Contents/Developer/Platforms/iPhoneSimulator.platform/Developer/SDKs/iPhoneSimulator11.0.sdk -L/Users/rubhatt/Documents/PayPalApp/consumer-venice-ios/DerivedData2/consumervenice/Build/Products/Debug-iphonesimulator -L/Users/rubhatt/Documents/PayPalApp/consumer-venice-ios/Pods/CardIO/CardIO -F/Users/rubhatt/Documents/PayPalApp/consumer-venice-ios/DerivedData2/consumervenice/Build/Products/Debug-iphonesimulator -F/Users/rubhatt/Documents/PayPalApp/consumer-venice-ios/Pods/Applause-SDK -F/Users/rubhatt/Documents/PayPalApp/consumer-venice-ios/Pods/Crashlytics/iOS -F/Users/rubhatt/Documents/PayPalApp/consumer-venice-ios/Pods/Fabric/iOS -filelist /Users/rubhatt/Documents/PayPalApp/consumer-venice-ios/DerivedData2/consumervenice/Build/Intermediates.noindex/consumervenice.build/Debug-iphonesimulator/consumervenice.build/Objects-normal/x86_64/PayPal.LinkFileList -Xlinker -rpath -Xlinker @executable_path/Frameworks -mios-simulator-version-min=8.1 -dead_strip -Xlinker -object_path_lto -Xlinker /Users/rubhatt/Documents/PayPalApp/consumer-venice-ios/DerivedData2/consumervenice/Build/Intermediates.noindex/consumervenice.build/Debug-iphonesimulator/consumervenice.build/Objects-normal/x86_64/PayPal_lto.o -Xlinker -export_dynamic -Xlinker -no_deduplicate -Xlinker -objc_abi_version -Xlinker 2 -fobjc-arc -fobjc-link-runtime -L/Applications/Xcode-beta.app/Contents/Developer/Toolchains/XcodeDefault.xctoolchain/usr/lib/swift/iphonesimulator -Xlinker -add_ast_path -Xlinker /Users/rubhatt/Documents/PayPalApp/consumer-venice-ios/DerivedData2/consumervenice/Build/Intermediates.noindex/consumervenice.build/Debug-iphonesimulator/consumervenice.build/Objects-normal/x86_64/PayPal.swiftmodule -fprofile-arcs -ftest-coverage -ObjC -lAPAddressBook -lAdjust -lCardIO -lCocoaLumberjack -lHMSegmentedControl -lNJKWebViewProgress -lOAStackView -lPALog -lPPDeepLinkingNavigation -lSDWebImage -lTTTAttributedLabel -lVNiRate -lZXingObjC -lc++ -liCarousel -lopencv_core -lopencv_imgproc -lz -framework AFNetworking -framework AVFoundation -framework Accelerate -framework AddressBook -framework Applause -framework AssetsLibrary -framework AudioToolbox -framework CoreData -framework CoreGraphics -framework CoreLocation -framework CoreMedia -framework CoreMotion -framework CoreTelephony -framework CoreText -framework CoreVideo -framework Crashlytics -framework Fabric -framework Foundation -framework GZIP -framework ImageIO -framework MediaPlayer -framework MobileCoreServices -framework OpenGLES -framework QuartzCore -framework Reachability -framework Security -framework SystemConfiguration -framework TrustKit -framework UIKit -framework libPhoneNumber_iOS -weak_framework AdSupport -weak_framework iAd -Xlinker -sectcreate -Xlinker __TEXT -Xlinker __entitlements -Xlinker /Users/rubhatt/Documents/PayPalApp/consumer-venice-ios/DerivedData2/consumervenice/Build/Intermediates.noindex/consumervenice.build/Debug-iphonesimulator/consumervenice.build/PayPal.app.xcent /Users/rubhatt/Documents/PayPalApp/consumer-venice-ios/DerivedData2/consumervenice/Build/Products/Debug-iphonesimulator/libWalletSdkIncentive.a -weak_framework iAd -weak_framework AdSupport /Users/rubhatt/Documents/PayPalApp/consumer-venice-ios/DerivedData2/consumervenice/Build/Products/Debug-iphonesimulator/libWalletSdkMoneyBox.a /Users/rubhatt/Documents/PayPalApp/consumer-venice-ios/DerivedData2/consumervenice/Build/Products/Debug-iphonesimulator/libWalletSdkDonations.a -framework StoreKit /Users/rubhatt/Documents/PayPalApp/consumer-venice-ios/DerivedData2/consumervenice/Build/Products/Debug-iphonesimulator/VNAestheticsSdk.framework/VNAestheticsSdk /Users/rubhatt/Documents/PayPalApp/consumer-venice-ios/DerivedData2/consumervenice/Build/Products/Debug-iphonesimulator/libWalletSdkPayPalCore.a /Users/rubhatt/Documents/PayPalApp/consumer-venice-ios/DerivedData2/consumervenice/Build/Products/Debug-iphonesimulator/libWalletSdkEcistore.a -framework GameKit /Users/rubhatt/Documents/PayPalApp/consumer-venice-ios/DerivedData2/consumervenice/Build/Products/Debug-iphonesimulator/libWalletSdkI18n.a /Users/rubhatt/Documents/PayPalApp/consumer-venice-ios/DerivedData2/consumervenice/Build/Products/Debug-iphonesimulator/libWalletSdkInterAppPresentation.a /Users/rubhatt/Documents/PayPalApp/consumer-venice-ios/DerivedData2/consumervenice/Build/Products/Debug-iphonesimulator/libWalletSdkCore.a /Users/rubhatt/Documents/PayPalApp/consumer-venice-ios/DerivedData2/consumervenice/Build/Products/Debug-iphonesimulator/libWalletSdkAuth.a /Users/rubhatt/Documents/PayPalApp/consumer-venice-ios/DerivedData2/consumervenice/Build/Products/Debug-iphonesimulator/libWalletSdkPresentation.a /Users/rubhatt/Documents/PayPalApp/consumer-venice-ios/DerivedData2/consumervenice/Build/Products/Debug-iphonesimulator/libWalletSdkCompliance.a -framework MessageUI -framework CoreLocation -lPods-consumervenice -Xlinker -dependency_info -Xlinker /Users/rubhatt/Documents/PayPalApp/consumer-venice-ios/DerivedData2/consumervenice/Build/Intermediates.noindex/consumervenice.build/Debug-iphonesimulator/consumervenice.build/Objects-normal/x86_64/PayPal_dependency_info.dat -o /Users/rubhatt/Documents/PayPalApp/consumer-venice-ios/DerivedData2/consumervenice/Build/Products/Debug-iphonesimulator/PayPal.app/PayPal
ld: file too small (length=0) file '/Users/rubhatt/Documents/PayPalApp/consumer-venice-ios/DerivedData2/consumervenice/Build/Intermediates.noindex/consumervenice.build/Debug-iphonesimulator/consumervenice.build/Objects-normal/x86_64/AnimatedPopAlertViewController.o' for architecture x86_64
clang: error: linker command failed with exit code 1 (use -v to see invocation)

2017-06-27 12:57:11.216 xcodebuild[16141:133569] Error Domain=IDETestOperationsObserverErrorDomain Code=14 "Test operation was canceled. If you believe this error represents a bug, please attach the log file at /var/folders/nd/ppzdzhl12g12n0_pg9s87s3h3kg_qy/T/com.apple.dt.XCTest/IDETestRunSession-AFA81B6A-6EFA-4D66-B2D7-1CBA42378CC1/consumerveniceOnboardingUITests1-BA8DC65C-DDC2-4DA6-A074-727FE150FDDB/Session-consumerveniceOnboardingUITests1-2017-06-27_125306-subpxY.log" UserInfo={NSLocalizedDescription=Test operation was canceled. If you believe this error represents a bug, please attach the log file at /var/folders/nd/ppzdzhl12g12n0_pg9s87s3h3kg_qy/T/com.apple.dt.XCTest/IDETestRunSession-AFA81B6A-6EFA-4D66-B2D7-1CBA42378CC1/consumerveniceOnboardingUITests1-BA8DC65C-DDC2-4DA6-A074-727FE150FDDB/Session-consumerveniceOnboardingUITests1-2017-06-27_125306-subpxY.log}

Testing failed:
	Linker command failed with exit code 1 (use -v to see invocation)
** TEST FAILED **


The following build commands failed:
	Ld DerivedData2/consumervenice/Build/Products/Debug-iphonesimulator/PayPal.app/PayPal normal x86_64