Testing failed:
	 Task failed with exit 1 signal 0 {
** TEST FAILED **


The following build commands failed:
	CopySwiftLibs /Users/rubhatt/Library/Developer/Xcode/DerivedData/consumervenice-cysyaegfesqgdlcwbfgbfntiwqpi/Build/Products/Debug-iphonesimulator/consumerveniceOnboardingUITests1-Runner.app/PlugIns/consumerveniceOnboardingUITests1.xctest
(1 failure)
LM-SJN-21010679:consumer-venice-ios rubhatt$ 2017-06-25 12:26:04.341 xcodebuild[97175:891900] Error Domain=IDETestOperationsObserverErrorDomain Code=14 "Test operation was canceled. If you believe this error represents a bug, please attach the log file at /var/folders/nd/ppzdzhl12g12n0_pg9s87s3h3kg_qy/T/com.apple.dt.XCTest/IDETestRunSession-810086B5-4F40-4E4A-A940-F7B102E6AEF8/consumerveniceOnboardingUITests1-CBA3B100-CCCE-4C24-A2FA-CE67B8091572/Session-consumerveniceOnboardingUITests1-2017-06-25_121214-3OOABX.log" UserInfo={NSLocalizedDescription=Test operation was canceled. If you believe this error represents a bug, please attach the log file at /var/folders/nd/ppzdzhl12g12n0_pg9s87s3h3kg_qy/T/com.apple.dt.XCTest/IDETestRunSession-810086B5-4F40-4E4A-A940-F7B102E6AEF8/consumerveniceOnboardingUITests1-CBA3B100-CCCE-4C24-A2FA-CE67B8091572/Session-consumerveniceOnboardingUITests1-2017-06-25_121214-3OOABX.log}

Testing failed:
	Command /usr/bin/codesign failed with exit code 1
	 codesign_allocate: can't open file: /Users/rubhatt/Library/Developer/Xcode/DerivedData/consumervenice-cysyaegfesqgdlcwbfgbfntiwqpi/Build/Products/Debug-iphonesimulator/consumerveniceOnboardingUITests1-Runner.app/PlugIns/consumerveniceOnboardingUITests1.xctest/Frameworks/libswiftDarwin.dylib (No such file or directory)
	 Task failed with exit 1 signal 0 {
** TEST FAILED **


The following build commands failed:
	CodeSign /Users/rubhatt/Library/Developer/Xcode/DerivedData/consumervenice-cysyaegfesqgdlcwbfgbfntiwqpi/Build/Products/Debug-iphonesimulator/consumerveniceOnboardingUITests-Runner.app/PlugIns/consumerveniceOnboardingUITests.xctest
	CopySwiftLibs /Users/rubhatt/Library/Developer/Xcode/DerivedData/consumervenice-cysyaegfesqgdlcwbfgbfntiwqpi/Build/Products/Debug-iphonesimulator/consumerveniceOnboardingUITests1-Runner.app/PlugIns/consumerveniceOnboardingUITests1.xctest
(2 failures)
