Error 0:

Test Suite 'All tests' started at 2017-06-26 11:09:00.959
Test Suite 'consumerveniceOnboardingUITests1.xctest' started at 2017-06-26 11:09:00.961
Test Suite 'consumerveniceOnboardingUITests1' started at 2017-06-26 11:09:00.961
Test Case '-[consumerveniceOnboardingUITests1.consumerveniceOnboardingUITests1 testExample]' started.
    t =     0.00s Start Test at 2017-06-26 11:09:00.963
    t =     0.21s Set Up
    t =     0.22s     Open com.paypal.ppclient-development
    t =     0.37s         Launch com.paypal.ppclient-development
    t =    16.17s             Wait for com.paypal.ppclient-development to idle
    t =    35.48s Assertion Failure: <unknown>:0: com.paypal.ppclient-development crashed in closure #1 () -> () in variable initialization expression of static (extension in PayPal):__C.PFConfigNode.(successConfigClosure in _EF4F3199BFAC862890B1BA89AC452490) : () -> ()
    t =    35.48s Tear Down
    t =    35.48s Checking for crash reports corresponding to unexpected termination of com.paypal.ppclient-development
Test Case '-[consumerveniceOnboardingUITests1.consumerveniceOnboardingUITests1 testExample]' failed (35.484 seconds).
Test Suite 'consumerveniceOnboardingUITests1' failed at 2017-06-26 11:09:36.447.
	 Executed 1 test, with 1 failure (0 unexpected) in 35.484 (35.486) seconds
Test Suite 'consumerveniceOnboardingUITests1.xctest' failed at 2017-06-26 11:09:36.448.
	 Executed 1 test, with 1 failure (0 unexpected) in 35.484 (35.487) seconds
Test Suite 'All tests' failed at 2017-06-26 11:09:36.448.
	 Executed 1 test, with 1 failure (0 unexpected) in 35.484 (35.489) seconds
Total pre-main time: 245.53 milliseconds (100.0%)
         dylib loading time: 102.90 milliseconds (41.9%)
        rebase/binding time:  51.97 milliseconds (21.1%)
            ObjC setup time:  61.41 milliseconds (25.0%)
           initializer time:  29.12 milliseconds (11.8%)
           slowest intializers :
               libSystem.dylib :   1.59 milliseconds (0.6%)
    libMainThreadChecker.dylib :  15.05 milliseconds (6.1%)
                 MediaServices :   5.33 milliseconds (2.1%)

Test Suite 'All tests' started at 2017-06-26 11:09:42.732
Test Suite 'consumerveniceOnboardingUITests.xctest' started at 2017-06-26 11:09:42.733
Test Suite 'consumerveniceOnboardingUITests' started at 2017-06-26 11:09:42.734
Test Case '-[consumerveniceOnboardingUITests.consumerveniceOnboardingUITests testExample1]' started.
    t =     0.00s Start Test at 2017-06-26 11:09:42.734
    t =     0.13s Set Up
    t =     0.14s     Open com.paypal.ppclient-development
    t =     0.28s         Launch com.paypal.ppclient-development
    t =    10.64s             Wait for com.paypal.ppclient-development to idle
    t =    12.08s                 Unable to monitor event loop
    t =    13.24s Tear Down
Test Case '-[consumerveniceOnboardingUITests.consumerveniceOnboardingUITests testExample1]' passed (13.442 seconds).
Test Suite 'consumerveniceOnboardingUITests' passed at 2017-06-26 11:09:56.176.
	 Executed 1 test, with 0 failures (0 unexpected) in 13.442 (13.443) seconds
Test Suite 'consumerveniceOnboardingUITests.xctest' passed at 2017-06-26 11:09:56.177.
	 Executed 1 test, with 0 failures (0 unexpected) in 13.442 (13.444) seconds
Test Suite 'All tests' passed at 2017-06-26 11:09:56.178.
	 Executed 1 test, with 0 failures (0 unexpected) in 13.442 (13.446) seconds
** TEST FAILED **




Error1: CompileC

Testing failed:
    'WalletSdkCore/PFSecureKeyFactory.h' file not found
** TEST FAILED **


The following build commands failed:
    CompileC /Users/rubhatt/Documents/PayPalApp/consumer-venice-ios/DerivedData/consumervenice/Build/Intermediates.noindex/WalletSdkPayPalCore.build/Debug-iphonesimulator/WalletSdkPayPalCore.build/Objects-normal/x86_64/PFServiceOperationBuilderHelper.o FoundationPayPalCore/Operations/PFServiceOperationBuilderHelper.m normal x86_64 objective-c com.apple.compilers.llvm.clang.1_0.compiler
(1 failure)
/* com.apple.ibtool.document.warnings */
/Users/rubhatt/Documents/PayPalApp/consumer-venice-ios/Internal/wallet-sdk-ios/FoundationPresentation/FoundationPresentation/resources/FoundationPresentation.storyboard:ILQ-6C-rwr: warning: Highlighted property is only for display within Interface Builder (The value set for this property will not be present at runtime)



Error 2:
Testing failed:
    File '/Users/rubhatt/Library/Developer/Xcode/DerivedData/consumervenice-cysyaegfesqgdlcwbfgbfntiwqpi/Build/Products/Debug-iphonesimulator/include/WalletSdkAuth/PFAuthAdsUriChallengePresenter.h' has been modified since the precompiled header '/var/folders/nd/ppzdzhl12g12n0_pg9s87s3h3kg_qy/T/Intents-bridging-header-032be0.pch' was built
    Clang importer creation failed
    File '/Users/rubhatt/Library/Developer/Xcode/DerivedData/consumervenice-cysyaegfesqgdlcwbfgbfntiwqpi/Build/Products/Debug-iphonesimulator/include/WalletSdkAuth/PFAuthenticationTokens_Internal.h' has been modified since the precompiled header '/var/folders/nd/ppzdzhl12g12n0_pg9s87s3h3kg_qy/T/Intents-bridging-header-032be0.pch' was built
** TEST FAILED **


The following build commands failed:
    CompileSwift normal x86_64 /Users/rubhatt/Documents/PayPalApp/consumer-venice-ios/consumervenice/application/module/utilities/keychain/KeyChainService.swift
    CompileSwift normal x86_64 /Users/rubhatt/Documents/PayPalApp/consumer-venice-ios/consumerVeniceIntentsUIExtension/INCurrencyAmount+WSDK.swift
    CompileSwift normal x86_64 /Users/rubhatt/Documents/PayPalApp/consumer-venice-ios/consumervenice/application/common/extensions/NSBundle+LanguageAdaptationSupport.swift
    CompileSwift normal x86_64 /Users/rubhatt/Documents/PayPalApp/consumer-venice-ios/consumerVeniceIntentsExtension/TransactionOperation.swift
    CompileSwift normal x86_64 /Users/rubhatt/Documents/PayPalApp/consumer-venice-ios/consumerVeniceIntentsExtension/TransactionIntentHandler.swift
    CompileSwift normal x86_64 /Users/rubhatt/Documents/PayPalApp/consumer-venice-ios/consumerVeniceIntentsExtension/INPerson+Normalization.swift
    CompileSwift normal x86_64 /Users/rubhatt/Documents/PayPalApp/consumer-venice-ios/consumervenice/application/common/AppLocalizationManager.swift
    CompileSwiftSources normal x86_64 com.apple.xcode.tools.swift.compiler
(8 failures)

Error 3:

2017-06-28 20:39:43.074 xcodebuild[72395:712749]  DVTAssertions: Warning in /Library/Caches/com.apple.xbs/Sources/IDEXcode3ProjectSupport/IDEXcode3ProjectSupport-13134.19/Xcode3Core/LegacyProjects/Frameworks/DevToolsCore/DevToolsCore/BuildSystem/Runtime/PBXTargetBuildContext.mm:757
Details:  unexpected successful exit code from cancelled command <C0030:'CpResource core_login.json':P8>
Object:   <PBXTargetBuildContext: 0x7fb1745b06e0>
Method:   -createCommandInvocationRecordFromInvocation:
Thread:   <NSThread: 0x7fb176c54930>{number = 28, name = (null)}
Please file a bug at http://bugreport.apple.com with this warning message and any useful information you can provide.
2017-06-28 20:39:44.103 xcodebuild[72395:710838] Error Domain=IDETestOperationsObserverErrorDomain Code=14 "Test operation was canceled. If you believe this error represents a bug, please attach the log file at /var/folders/nd/ppzdzhl12g12n0_pg9s87s3h3kg_qy/T/com.apple.dt.XCTest/IDETestRunSession-3A990153-FB5F-4054-8660-841790A626E8/consumerveniceOnboardingUITests-A98D25CB-CC3F-4119-AE9E-7574FCD9F2F7/Session-consumerveniceOnboardingUITests-2017-06-28_203839-DtHvsq.log" UserInfo={NSLocalizedDescription=Test operation was canceled. If you believe this error represents a bug, please attach the log file at /var/folders/nd/ppzdzhl12g12n0_pg9s87s3h3kg_qy/T/com.apple.dt.XCTest/IDETestRunSession-3A990153-FB5F-4054-8660-841790A626E8/consumerveniceOnboardingUITests-A98D25CB-CC3F-4119-AE9E-7574FCD9F2F7/Session-consumerveniceOnboardingUITests-2017-06-28_203839-DtHvsq.log}

Testing failed:
    error: opening /Users/rubhatt/Library/Developer/Xcode/DerivedData/consumervenice-cysyaegfesqgdlcwbfgbfntiwqpi/Build/Products/Debug-iphonesimulator/TrustKit.framework/TrustKit: No such file or directory
** TEST FAILED **


The following build commands failed:
    GenerateDSYMFile /Users/rubhatt/Library/Developer/Xcode/DerivedData/consumervenice-cysyaegfesqgdlcwbfgbfntiwqpi/Build/Products/Debug-iphonesimulator/TrustKit.framework.dSYM /Users/rubhatt/Library/Developer/Xcode/DerivedData/consumervenice-cysyaegfesqgdlcwbfgbfntiwqpi/Build/Products/Debug-iphonesimulator/TrustKit.framework/TrustKit
(1 failure)



Error 5:
Testing failed:
    File '/Users/rubhatt/Documents/PayPalApp/consumer-venice-ios/DerivedData2/consumervenice/Build/Products/Debug-iphonesimulator/include/WalletSdkPresentation/PFNativeWebViewOnboardingViewController.h' has been modified since the precompiled header '/var/folders/nd/ppzdzhl12g12n0_pg9s87s3h3kg_qy/T/Intents-bridging-header-3c7ea3.pch' was built
    Clang importer creation failed
** TEST FAILED **


The following build commands failed:
    CompileSwiftSources normal x86_64 com.apple.xcode.tools.swift.compiler
    CompileSwift normal x86_64 /Users/rubhatt/Documents/PayPalApp/consumer-venice-ios/consumerVeniceIntentsExtension/TransactionIntent+WSDK.swift
    CompileSwift normal x86_64 /Users/rubhatt/Documents/PayPalApp/consumer-venice-ios/consumerVeniceIntentsExtension/TransactionIntentURL.swift
    CompileSwift normal x86_64 /Users/rubhatt/Documents/PayPalApp/consumer-venice-ios/consumerVeniceIntentsExtension/FundingSourcePresenter.swift
    CompileSwift normal x86_64 /Users/rubhatt/Documents/PayPalApp/consumer-venice-ios/consumerVeniceIntentsExtension/Contact.swift
(5 failures)

CompileSwift normal x86_64 /Users/rubhatt/Documents/PayPalApp/consumer-venice-ios/consumerVeniceIntentsExtension/TransactionIntentURL.swift

(Even after changing the precomipled header to NO)
Error 6:
Testing failed:
    File '/Users/rubhatt/Documents/PayPalApp/consumer-venice-ios/DerivedData2/consumervenice/Build/Products/Debug-iphonesimulator/include/WalletSdkI18n/PFAddressFormat.h' has been modified since the precompiled header '/var/folders/nd/ppzdzhl12g12n0_pg9s87s3h3kg_qy/T/IntentsUI-bridging-header-6cf7e6.pch' was built
    Clang importer creation failed
** TEST FAILED **


The following build commands failed:
    CompileSwiftSources normal x86_64 com.apple.xcode.tools.swift.compiler
    CompileSwift normal x86_64 /Users/rubhatt/Documents/PayPalApp/consumer-venice-ios/consumerVeniceIntentsUIExtension/INCurrencyAmount+WSDK.swift
    CompileSwift normal x86_64 /Users/rubhatt/Documents/PayPalApp/consumer-venice-ios/consumerVeniceIntentsUIExtension/AmountView.swift
    CompileSwift normal x86_64 /Users/rubhatt/Documents/PayPalApp/consumer-venice-ios/consumerVeniceIntentsUIExtension/SeparatorView.swift
    CompileSwift normal x86_64 /Users/rubhatt/Documents/PayPalApp/consumer-venice-ios/consumerVeniceIntentsUIExtension/TransactionDetailsView.swift
(5 failures)


