<?xml version="1.0" encoding="UTF-8"?>
<testsuites>
  <testsuite name="fastlane.lanes">
    
    
    
      
      <testcase classname="fastlane.lanes" name="0: rm -rf ../bluepill" time="0.038692">
        
      </testcase>
    
      
      <testcase classname="fastlane.lanes" name="1: rm -rf ../bluepill_output" time="0.007296">
        
      </testcase>
    
      
      <testcase classname="fastlane.lanes" name="2: scan" time="14.943854">
        
      </testcase>
    
      
      <testcase classname="fastlane.lanes" name="3: bluepillar" time="80.37075">
        
          <failure message="/Users/rubhatt/.rvm/gems/ruby-2.2.2@global/gems/fastlane-2.38.1/fastlane/lib/fastlane/actions/actions_helper.rb:48:in `execute_action'&#10;/Users/rubhatt/.rvm/gems/ruby-2.2.2@global/gems/fastlane-2.38.1/fastlane/lib/fastlane/runner.rb:230:in `block in execute_action'&#10;/Users/rubhatt/.rvm/gems/ruby-2.2.2@global/gems/fastlane-2.38.1/fastlane/lib/fastlane/runner.rb:226:in `chdir'&#10;/Users/rubhatt/.rvm/gems/ruby-2.2.2@global/gems/fastlane-2.38.1/fastlane/lib/fastlane/runner.rb:226:in `execute_action'&#10;/Users/rubhatt/.rvm/gems/ruby-2.2.2@global/gems/fastlane-2.38.1/fastlane/lib/fastlane/runner.rb:148:in `trigger_action_by_name'&#10;/Users/rubhatt/.rvm/gems/ruby-2.2.2@global/gems/fastlane-2.38.1/fastlane/lib/fastlane/fast_file.rb:146:in `method_missing'&#10;Fastfile:10:in `block in parsing_binding'&#10;/Users/rubhatt/.rvm/gems/ruby-2.2.2@global/gems/fastlane-2.38.1/fastlane/lib/fastlane/lane.rb:33:in `call'&#10;/Users/rubhatt/.rvm/gems/ruby-2.2.2@global/gems/fastlane-2.38.1/fastlane/lib/fastlane/lane.rb:33:in `call'&#10;/Users/rubhatt/.rvm/gems/ruby-2.2.2@global/gems/fastlane-2.38.1/fastlane/lib/fastlane/runner.rb:49:in `block in execute'&#10;/Users/rubhatt/.rvm/gems/ruby-2.2.2@global/gems/fastlane-2.38.1/fastlane/lib/fastlane/runner.rb:45:in `chdir'&#10;/Users/rubhatt/.rvm/gems/ruby-2.2.2@global/gems/fastlane-2.38.1/fastlane/lib/fastlane/runner.rb:45:in `execute'&#10;/Users/rubhatt/.rvm/gems/ruby-2.2.2@global/gems/fastlane-2.38.1/fastlane/lib/fastlane/lane_manager.rb:52:in `cruise_lane'&#10;/Users/rubhatt/.rvm/gems/ruby-2.2.2@global/gems/fastlane-2.38.1/fastlane/lib/fastlane/command_line_handler.rb:30:in `handle'&#10;/Users/rubhatt/.rvm/gems/ruby-2.2.2@global/gems/fastlane-2.38.1/fastlane/lib/fastlane/commands_generator.rb:104:in `block (2 levels) in run'&#10;/Users/rubhatt/.rvm/gems/ruby-2.2.2@global/gems/commander-fastlane-4.4.4/lib/commander/command.rb:178:in `call'&#10;/Users/rubhatt/.rvm/gems/ruby-2.2.2@global/gems/commander-fastlane-4.4.4/lib/commander/command.rb:178:in `call'&#10;/Users/rubhatt/.rvm/gems/ruby-2.2.2@global/gems/commander-fastlane-4.4.4/lib/commander/command.rb:153:in `run'&#10;/Users/rubhatt/.rvm/gems/ruby-2.2.2@global/gems/commander-fastlane-4.4.4/lib/commander/runner.rb:476:in `run_active_command'&#10;/Users/rubhatt/.rvm/gems/ruby-2.2.2@global/gems/fastlane-2.38.1/fastlane_core/lib/fastlane_core/ui/fastlane_runner.rb:39:in `run!'&#10;/Users/rubhatt/.rvm/gems/ruby-2.2.2@global/gems/commander-fastlane-4.4.4/lib/commander/delegates.rb:15:in `run!'&#10;/Users/rubhatt/.rvm/gems/ruby-2.2.2@global/gems/fastlane-2.38.1/fastlane/lib/fastlane/commands_generator.rb:303:in `run'&#10;/Users/rubhatt/.rvm/gems/ruby-2.2.2@global/gems/fastlane-2.38.1/fastlane/lib/fastlane/commands_generator.rb:42:in `start'&#10;/Users/rubhatt/.rvm/gems/ruby-2.2.2@global/gems/fastlane-2.38.1/fastlane/lib/fastlane/cli_tools_distributor.rb:66:in `take_off'&#10;/Users/rubhatt/.rvm/gems/ruby-2.2.2@global/gems/fastlane-2.38.1/bin/fastlane:20:in `&lt;top (required)&gt;'&#10;/Users/rubhatt/.rvm/rubies/ruby-2.2.2/bin/fastlane:23:in `load'&#10;/Users/rubhatt/.rvm/rubies/ruby-2.2.2/bin/fastlane:23:in `&lt;main&gt;'&#10;/Users/rubhatt/.rvm/gems/ruby-2.2.2/bin/ruby_executable_hooks:15:in `eval'&#10;/Users/rubhatt/.rvm/gems/ruby-2.2.2/bin/ruby_executable_hooks:15:in `&lt;main&gt;'&#10;&#10;Exit status of command 'bluepill -a bluepill/Build/Products/Debug-iphonesimulator/BullsEye.app -s BullsEye.xcodeproj/xcuserdata/rubhatt.xcuserdatad/xcschemes/BullsEye.xcscheme -o bluepill_output/ -r &quot;iOS 10.3&quot; -n 1 -d iPhone\ 5s -u bluepill/Build/Products/Debug-iphonesimulator/BullsEyeUITests-Runner.app' was 1 instead of 0.&#10;2017-06-15 10:21:58.076 bluepill[53428:16058624] There is .xctest file under /Users/rubhatt/Documents/BullsEye/bluepill/Build/Products/Debug-iphonesimulator/BullsEye.app/PlugIns&#10;{53428} 20170615.102158 [  INFO  ] No unit test detected - The folder “PlugIns” doesn’t exist.&#10;{53428} 20170615.102158 [  INFO  ] No UI test bundle detected The folder “PlugIns” doesn’t exist.&#10;{53428} 20170615.102158 [  INFO  ] This is Bluepill v1.0.2-46-g3bcef0c&#10;{53428} 20170615.102158 [  INFO  ] Running with 1 simulator.&#10;{53428} 20170615.102158 [  INFO  ] Packed tests into 1 bundles&#10;{53428} 20170615.102158 [  INFO  ] Started Simulator 1 (PID 53445).&#10;2017-06-15 10:21:58.373 bp[53445:16058668] SimDevice is loaded..&#10;{53445} 20170615.102158 [  INFO  ] (BP-1) Running Tests. Attempt Number 1.&#10;{53445} 20170615.102158 [  INFO  ] (BP-1) [Attempt 1] Create Simulator&#10;{53445} 20170615.102158 [  INFO  ] (BP-1) Running in NON-headless mode...&#10;{53445} 20170615.102159 [  INFO  ] (BP-1) Simulator 7B2DB82C-2D77-4724-95E0-ABACAB68B495 achieved the BOOTED state&#10;{53445} 20170615.102159 [  INFO  ] (BP-1) Completed: [Attempt 1] Create Simulator 7B2DB82C-2D77-4724-95E0-ABACAB68B495&#10;{53445} 20170615.102159 [  INFO  ] (BP-1) [Attempt 1] Install Application&#10;{53428} 20170615.102159 [  INFO  ] 1 Simulator still running. [1]&#10;{53428} 20170615.102159 [  INFO  ] Using 520 of 1064 processes.&#10;{53445} 20170615.102215 [  INFO  ] (BP-1) Completed: [Attempt 1] Install Application&#10;{53445} 20170615.102215 [  INFO  ] (BP-1) [Attempt 1] Launch Application&#10;{53445} 20170615.102215 [  INFO  ] (BP-1) Yay, after the launch async call!!![Attempt 1] Launch Application&#10;{53445} 20170615.102215 [  INFO  ] (BP-1) Launch succeeded&#10;{53445} 20170615.102215 [  INFO  ] (BP-1) Completion block for launch&#10;{53445} 20170615.102215 [  INFO  ] (BP-1) Calling completion block&#10;{53445} 20170615.102215 [  ERROR ] (BP-1) Completed: [Attempt 1] Launch Application&#10;{53445} 20170615.102215 [  ERROR ] (BP-1) Could not launch app and tests: The request to open &quot;com.apple.test.BullsEyeUITests-Runner&quot; failed.&#10;{53445} 20170615.102215 [  INFO  ] (BP-1) Relaunching the simulator due to a BAD STATE&#10;{53445} 20170615.102215 [  INFO  ] (BP-1) [Attempt 1] Create Simulator&#10;{53445} 20170615.102216 [  INFO  ] (BP-1) Running in NON-headless mode...&#10;{53445} 20170615.102217 [  INFO  ] (BP-1) Simulator 6243E0A0-3DBF-46D9-86D2-7ACCAA3B8410 achieved the BOOTED state&#10;{53445} 20170615.102217 [  INFO  ] (BP-1) Completed: [Attempt 1] Create Simulator 6243E0A0-3DBF-46D9-86D2-7ACCAA3B8410&#10;{53445} 20170615.102217 [  INFO  ] (BP-1) [Attempt 1] Install Application&#10;{53428} 20170615.102229 [  INFO  ] 1 Simulator still running. [1]&#10;{53428} 20170615.102229 [  INFO  ] Using 643 of 1064 processes.&#10;{53445} 20170615.102235 [  INFO  ] (BP-1) Completed: [Attempt 1] Install Application&#10;{53445} 20170615.102235 [  INFO  ] (BP-1) [Attempt 1] Launch Application&#10;{53445} 20170615.102235 [  INFO  ] (BP-1) Yay, after the launch async call!!![Attempt 1] Launch Application&#10;{53445} 20170615.102238 [  INFO  ] (BP-1) Launch succeeded&#10;{53445} 20170615.102238 [  INFO  ] (BP-1) No error&#10;{53445} 20170615.102238 [  INFO  ] (BP-1) Completion block for launch&#10;{53445} 20170615.102238 [  INFO  ] (BP-1) Calling completion block&#10;{53445} 20170615.102238 [  INFO  ] (BP-1) Completed: [Attempt 1] Launch Application&#10;{53445} 20170615.102239 [  INFO  ] (BP-1) Got proxy channel request from test bundle&#10;{53445} 20170615.102239 [  INFO  ] (BP-1) Test bundle is connected.&#10;{53445} 20170615.102239 [  INFO  ] (BP-1) Daemon ready to execute test plan (protocol version 22)&#10;{53445} 20170615.102239 [  INFO  ] (BP-1) Test plan started!&#10;{53445} 20170615.102239 [  INFO  ] (BP-1) Start initialization UI tests&#10;{53445} 20170615.102243 [  INFO  ] (BP-1) All Tests started.&#10;{53445} 20170615.102248 [  INFO  ] (BP-1) Test process requested launch process status with token 140224413119744&#10;{53445} 20170615.102250 [ FAILED ] (BP-1)   7.281039s BullsEyeUITests/testGameStyleSwitch&#10;{53445} 20170615.102255 [  INFO  ] (BP-1) Test process requested launch process status with token 140224415174560&#10;{53445} 20170615.102258 [ FAILED ] (BP-1)   7.626372s BullsEyeUITests2/testGameSlider&#10;{53428} 20170615.102259 [  INFO  ] 1 Simulator still running. [1]&#10;{53428} 20170615.102259 [  INFO  ] Using 669 of 1064 processes.&#10;{53445} 20170615.102303 [  INFO  ] (BP-1) Test process requested launch process status with token 140224412485088&#10;{53445} 20170615.102305 [ FAILED ] (BP-1)   7.471833s BullsEyeUITests3/testGameTypeBox&#10;{53445} 20170615.102305 [  INFO  ] (BP-1) All Tests Completed.&#10;{53445} 20170615.102305 [  INFO  ] (BP-1) [Attempt 1] Delete Simulator&#10;{53445} 20170615.102305 [  INFO  ] (BP-1) DTXSocketTransport disconnected&#10;{53445} 20170615.102305 [  INFO  ] (BP-1) Socket transport disconneted&#10;{53445} 20170615.102305 [  INFO  ] (BP-1) Daemon connection Disconnected.&#10;{53445} 20170615.102305 [  INFO  ] (BP-1) DTXConnection disconnected.&#10;{53445} 20170615.102318 [  INFO  ] (BP-1) Completed: [Attempt 1] Delete Simulator 6243E0A0-3DBF-46D9-86D2-7ACCAA3B8410&#10;{53445} 20170615.102318 [  INFO  ] (BP-1) Number of Executions: 1&#10;{53445} 20170615.102318 [  INFO  ] (BP-1) Final Exit Status: BPExitStatusTestsFailed&#10;{53428} 20170615.102318 [  INFO  ] Simulator 1 (PID 53445) has finished with exit code 1.&#10;{53428} 20170615.102318 [  INFO  ] PID 53445 exited 1.&#10;{53428} 20170615.102318 [  INFO  ] All simulators have finished.&#10;" />
        
      </testcase>
    
  </testsuite>
</testsuites>
