
Test: All tests
Start: 2017-06-15 17:22:43 +0000
End: 2017-06-15 17:23:05 +0000
Ended: YES
Passed: NO
Total: 3
Fail: 3
Unexpected: 3
Time: 22.400000
Log:
XCTestOutputBarrierXCTestOutputBarrier


Test: BullsEyeUITests.xctest
Start: 2017-06-15 17:22:43 +0000
End: 2017-06-15 17:23:05 +0000
Ended: YES
Passed: NO
Total: 3
Fail: 3
Unexpected: 3
Time: 22.398000
Log:
(null)

Test: BullsEyeUITests
Start: 2017-06-15 17:22:43 +0000
End: 2017-06-15 17:22:50 +0000
Ended: YES
Passed: NO
Total: 1
Fail: 1
Unexpected: 1
Time: 7.287000
Log:
(null)

TestClass: BullsEyeUITests
testName: testGameStyleSwitch
Time: 7.286000
Ended: YES
Passed: NO
Filename: <unknown>
Line number: 0
Error Message: Failed to scroll to visible (by AX action) Button 0x608000366cc0: traits: 8589934593, {{260.0, 520.0}, {44.0, 29.0}}, label: 'Type', error: Error -25204 performing AXAction 2003
Log:
XCTestOutputBarrier    t =     0.00s     Start Test at 2017-06-15 10:22:43.338
    t =     0.00s     Set Up
    t =     0.01s         Launch com.razeware.BullsEye
    t =     5.02s             Wait for app to idle
    t =     6.28s     Find the "Slide" Button
    t =     6.28s         Snapshot accessibility hierarchy for com.razeware.BullsEye
    t =     6.34s         Find: Descendants matching type SegmentedControl
    t =     6.34s         Find: Descendants matching type Button
    t =     6.34s         Find: Elements matching predicate '"Slide" IN identifiers'
    t =     6.34s     Use cached accessibility hierarchy for com.razeware.BullsEye
    t =     6.34s     Find: Descendants matching type StaticText
    t =     6.35s     Find: Elements matching predicate '"Get as close as you can to: " IN identifiers'
    t =     6.35s     Use cached accessibility hierarchy for com.razeware.BullsEye
    t =     6.35s     Find: Descendants matching type StaticText
    t =     6.35s     Find: Elements matching predicate '"Guess where the slider is: " IN identifiers'
    t =     6.35s     Tap "Type" Button
    t =     6.35s         Wait for app to idle
    t =     6.49s         Find the "Type" Button
    t =     6.49s             Snapshot accessibility hierarchy for com.razeware.BullsEye
    t =     6.52s             Find: Descendants matching type SegmentedControl
    t =     6.52s             Find: Descendants matching type Button
    t =     6.52s             Find: Elements matching predicate '"Type" IN identifiers'
    t =     6.63s             Wait for app to idle
    t =     6.76s         Synthesize event
    t =     6.82s             Scroll element to visible
    t =     6.92s             Find the "Type" Button
    t =     6.92s                 Snapshot accessibility hierarchy for com.razeware.BullsEye
    t =     6.99s                     Assertion Failure: <unknown>:0: Failed to scroll to visible (by AX action) Button 0x608000366cc0: traits: 8589934593, {{260.0, 520.0}, {44.0, 29.0}}, label: 'Type', error: Error -25204 performing AXAction 2003
<unknown>:0: error: -[BullsEyeUITests.BullsEyeUITests testGameStyleSwitch] : Failed to scroll to visible (by AX action) Button 0x608000366cc0: traits: 8589934593, {{260.0, 520.0}, {44.0, 29.0}}, label: 'Type', error: Error -25204 performing AXAction 2003
XCTestOutputBarrier    t =     6.99s     Find: Descendants matching type SegmentedControl
    t =     6.99s     Find: Descendants matching type Button
    t =     6.99s     Find: Elements matching predicate '"Type" IN identifiers'
    t =     7.01s     Assertion Failure: BullsEyeUITests.swift:46: Unable to find hit point for Button 0x600000375240: traits: 8589934593, {{260.0, 520.0}, {44.0, 29.0}}, label: 'Type'
    t =     7.01s     Tear Down


Test: BullsEyeUITests2
Start: 2017-06-15 17:22:50 +0000
End: 2017-06-15 17:22:58 +0000
Ended: YES
Passed: NO
Total: 1
Fail: 1
Unexpected: 1
Time: 7.631000
Log:
(null)

TestClass: BullsEyeUITests2
testName: testGameSlider
Time: 7.629000
Ended: YES
Passed: NO
Filename: <unknown>
Line number: 0
Error Message: Failed to scroll to visible (by AX action) Button 0x608000367680: traits: 8589934593, {{260.0, 520.0}, {44.0, 29.0}}, label: 'Type', error: Error -25204 performing AXAction 2003
Log:
XCTestOutputBarrier    t =     0.00s     Start Test at 2017-06-15 10:22:50.625
    t =     0.00s     Set Up
    t =     0.10s         Launch com.razeware.BullsEye
    t =     0.23s             Terminate com.razeware.BullsEye:53666
    t =     5.48s             Wait for app to idle
    t =     6.78s     Find the "Slide" Button
    t =     6.78s         Snapshot accessibility hierarchy for com.razeware.BullsEye
    t =     6.84s         Find: Descendants matching type SegmentedControl
    t =     6.84s         Find: Descendants matching type Button
    t =     6.84s         Find: Elements matching predicate '"Slide" IN identifiers'
    t =     6.84s     Use cached accessibility hierarchy for com.razeware.BullsEye
    t =     6.84s     Find: Descendants matching type StaticText
    t =     6.84s     Find: Elements matching predicate '"Get as close as you can to: " IN identifiers'
    t =     6.84s     Use cached accessibility hierarchy for com.razeware.BullsEye
    t =     6.84s     Find: Descendants matching type StaticText
    t =     6.84s     Find: Elements matching predicate '"Guess where the slider is: " IN identifiers'
    t =     6.84s     Tap "Type" Button
    t =     6.84s         Wait for app to idle
    t =     6.97s         Find the "Type" Button
    t =     6.97s             Snapshot accessibility hierarchy for com.razeware.BullsEye
    t =     7.01s             Find: Descendants matching type SegmentedControl
    t =     7.01s             Find: Descendants matching type Button
    t =     7.01s             Find: Elements matching predicate '"Type" IN identifiers'
    t =     7.12s             Wait for app to idle
    t =     7.25s         Synthesize event
    t =     7.30s             Scroll element to visible
    t =     7.31s             Assertion Failure: <unknown>:0: Failed to scroll to visible (by AX action) Button 0x608000367680: traits: 8589934593, {{260.0, 520.0}, {44.0, 29.0}}, label: 'Type', error: Error -25204 performing AXAction 2003
<unknown>:0: error: -[BullsEyeUITests.BullsEyeUITests2 testGameSlider] : Failed to scroll to visible (by AX action) Button 0x608000367680: traits: 8589934593, {{260.0, 520.0}, {44.0, 29.0}}, label: 'Type', error: Error -25204 performing AXAction 2003
XCTestOutputBarrier    t =     7.31s     Find the "Type" Button
    t =     7.31s         Snapshot accessibility hierarchy for com.razeware.BullsEye
    t =     7.34s         Find: Descendants matching type SegmentedControl
    t =     7.34s         Find: Descendants matching type Button
    t =     7.34s         Find: Elements matching predicate '"Type" IN identifiers'
    t =     7.35s     Assertion Failure: BullsEyeUITests2.swift:50: Unable to find hit point for Button 0x6000003780c0: traits: 8589934593, {{260.0, 520.0}, {44.0, 29.0}}, label: 'Type'
    t =     7.35s     Tear Down


Test: BullsEyeUITests3
Start: 2017-06-15 17:22:58 +0000
End: 2017-06-15 17:23:05 +0000
Ended: YES
Passed: NO
Total: 1
Fail: 1
Unexpected: 1
Time: 7.477000
Log:
(null)

TestClass: BullsEyeUITests3
testName: testGameTypeBox
Time: 7.475000
Ended: YES
Passed: NO
Filename: <unknown>
Line number: 0
Error Message: Failed to scroll to visible (by AX action) Button 0x60000037a580: traits: 8589934593, {{260.0, 520.0}, {44.0, 29.0}}, label: 'Type', error: Error -25204 performing AXAction 2003
Log:
XCTestOutputBarrier    t =     0.00s     Start Test at 2017-06-15 10:22:58.258
    t =     0.00s     Set Up
    t =     0.10s         Launch com.razeware.BullsEye
    t =     0.23s             Terminate com.razeware.BullsEye:53671
    t =     5.42s             Wait for app to idle
    t =     6.63s     Find the "Slide" Button
    t =     6.63s         Snapshot accessibility hierarchy for com.razeware.BullsEye
    t =     6.68s         Find: Descendants matching type SegmentedControl
    t =     6.68s         Find: Descendants matching type Button
    t =     6.68s         Find: Elements matching predicate '"Slide" IN identifiers'
    t =     6.68s     Use cached accessibility hierarchy for com.razeware.BullsEye
    t =     6.68s     Find: Descendants matching type StaticText
    t =     6.68s     Find: Elements matching predicate '"Get as close as you can to: " IN identifiers'
    t =     6.69s     Use cached accessibility hierarchy for com.razeware.BullsEye
    t =     6.69s     Find: Descendants matching type StaticText
    t =     6.69s     Find: Elements matching predicate '"Guess where the slider is: " IN identifiers'
    t =     6.69s     Tap "Type" Button
    t =     6.69s         Wait for app to idle
    t =     6.82s         Find the "Type" Button
    t =     6.82s             Snapshot accessibility hierarchy for com.razeware.BullsEye
    t =     6.85s             Find: Descendants matching type SegmentedControl
    t =     6.85s             Find: Descendants matching type Button
    t =     6.85s             Find: Elements matching predicate '"Type" IN identifiers'
    t =     6.96s             Wait for app to idle
    t =     7.11s         Synthesize event
    t =     7.15s             Scroll element to visible
    t =     7.16s             Assertion Failure: <unknown>:0: Failed to scroll to visible (by AX action) Button 0x60000037a580: traits: 8589934593, {{260.0, 520.0}, {44.0, 29.0}}, label: 'Type', error: Error -25204 performing AXAction 2003
<unknown>:0: error: -[BullsEyeUITests.BullsEyeUITests3 testGameTypeBox] : Failed to scroll to visible (by AX action) Button 0x60000037a580: traits: 8589934593, {{260.0, 520.0}, {44.0, 29.0}}, label: 'Type', error: Error -25204 performing AXAction 2003
XCTestOutputBarrier    t =     7.16s     Find the "Type" Button
    t =     7.16s         Snapshot accessibility hierarchy for com.razeware.BullsEye
    t =     7.19s         Find: Descendants matching type SegmentedControl
    t =     7.19s         Find: Descendants matching type Button
    t =     7.19s         Find: Elements matching predicate '"Type" IN identifiers'
    t =     7.20s     Assertion Failure: BullsEyeUITests3.swift:52: Unable to find hit point for Button 0x60000037b9c0: traits: 8589934593, {{260.0, 520.0}, {44.0, 29.0}}, label: 'Type'
    t =     7.20s     Tear Down


