--------------------------------------------------------------------------------
Tests started: 2017-06-15 17:21:58 +0000
--------------------------------------------------------------------------------
DEBUG_FLAG_TOBEREMOVED.
2017-06-15 10:22:38.699 XCTRunner[53649:16063036] Running tests...
2017-06-15 10:22:43.222 XCTRunner[53649:16063036] Continuing to run tests in the background with task ID 1
Test Suite 'All tests' started at 2017-06-15 10:22:43.336
XCTestOutputBarrierTest Suite 'BullsEyeUITests.xctest' started at 2017-06-15 10:22:43.337
XCTestOutputBarrierTest Suite 'BullsEyeUITests' started at 2017-06-15 10:22:43.338
XCTestOutputBarrierTest Case '-[BullsEyeUITests.BullsEyeUITests testGameStyleSwitch]' started.
XCTestOutputBarrier    t =     0.00s     Start Test at 2017-06-15 10:22:43.338
    t =     0.00s     Set Up
    t =     0.01s         Launch com.razeware.BullsEye
    t =     5.02s             Wait for app to idle
    t =     6.28s     Find the "Slide" Button
    t =     6.28s         Snapshot accessibility hierarchy for com.razeware.BullsEye
    t =     6.34s         Find: Descendants matching type SegmentedControl
    t =     6.34s         Find: Descendants matching type Button
    t =     6.34s         Find: Elements matching predicate '"Slide" IN identifiers'
    t =     6.34s     Use cached accessibility hierarchy for com.razeware.BullsEye
    t =     6.34s     Find: Descendants matching type StaticText
    t =     6.35s     Find: Elements matching predicate '"Get as close as you can to: " IN identifiers'
    t =     6.35s     Use cached accessibility hierarchy for com.razeware.BullsEye
    t =     6.35s     Find: Descendants matching type StaticText
    t =     6.35s     Find: Elements matching predicate '"Guess where the slider is: " IN identifiers'
    t =     6.35s     Tap "Type" Button
    t =     6.35s         Wait for app to idle
    t =     6.49s         Find the "Type" Button
    t =     6.49s             Snapshot accessibility hierarchy for com.razeware.BullsEye
    t =     6.52s             Find: Descendants matching type SegmentedControl
    t =     6.52s             Find: Descendants matching type Button
    t =     6.52s             Find: Elements matching predicate '"Type" IN identifiers'
    t =     6.63s             Wait for app to idle
    t =     6.76s         Synthesize event
    t =     6.82s             Scroll element to visible
    t =     6.92s             Find the "Type" Button
    t =     6.92s                 Snapshot accessibility hierarchy for com.razeware.BullsEye
    t =     6.99s                     Assertion Failure: <unknown>:0: Failed to scroll to visible (by AX action) Button 0x608000366cc0: traits: 8589934593, {{260.0, 520.0}, {44.0, 29.0}}, label: 'Type', error: Error -25204 performing AXAction 2003
<unknown>:0: error: -[BullsEyeUITests.BullsEyeUITests testGameStyleSwitch] : Failed to scroll to visible (by AX action) Button 0x608000366cc0: traits: 8589934593, {{260.0, 520.0}, {44.0, 29.0}}, label: 'Type', error: Error -25204 performing AXAction 2003
XCTestOutputBarrier    t =     6.99s     Find: Descendants matching type SegmentedControl
    t =     6.99s     Find: Descendants matching type Button
    t =     6.99s     Find: Elements matching predicate '"Type" IN identifiers'
    t =     7.01s     Assertion Failure: BullsEyeUITests.swift:46: Unable to find hit point for Button 0x600000375240: traits: 8589934593, {{260.0, 520.0}, {44.0, 29.0}}, label: 'Type'
    t =     7.01s     Tear Down
Test Case '-[BullsEyeUITests.BullsEyeUITests testGameStyleSwitch]' failed (7.286 seconds).
XCTestOutputBarrierTest Suite 'BullsEyeUITests' failed at 2017-06-15 10:22:50.624.
	 Executed 1 test, with 1 failure (0 unexpected) in 7.286 (7.287) seconds
XCTestOutputBarrierTest Suite 'BullsEyeUITests2' started at 2017-06-15 10:22:50.625
XCTestOutputBarrierTest Case '-[BullsEyeUITests.BullsEyeUITests2 testGameSlider]' started.
XCTestOutputBarrier    t =     0.00s     Start Test at 2017-06-15 10:22:50.625
    t =     0.00s     Set Up
    t =     0.10s         Launch com.razeware.BullsEye
    t =     0.23s             Terminate com.razeware.BullsEye:53666
    t =     5.48s             Wait for app to idle
    t =     6.78s     Find the "Slide" Button
    t =     6.78s         Snapshot accessibility hierarchy for com.razeware.BullsEye
    t =     6.84s         Find: Descendants matching type SegmentedControl
    t =     6.84s         Find: Descendants matching type Button
    t =     6.84s         Find: Elements matching predicate '"Slide" IN identifiers'
    t =     6.84s     Use cached accessibility hierarchy for com.razeware.BullsEye
    t =     6.84s     Find: Descendants matching type StaticText
    t =     6.84s     Find: Elements matching predicate '"Get as close as you can to: " IN identifiers'
    t =     6.84s     Use cached accessibility hierarchy for com.razeware.BullsEye
    t =     6.84s     Find: Descendants matching type StaticText
    t =     6.84s     Find: Elements matching predicate '"Guess where the slider is: " IN identifiers'
    t =     6.84s     Tap "Type" Button
    t =     6.84s         Wait for app to idle
    t =     6.97s         Find the "Type" Button
    t =     6.97s             Snapshot accessibility hierarchy for com.razeware.BullsEye
    t =     7.01s             Find: Descendants matching type SegmentedControl
    t =     7.01s             Find: Descendants matching type Button
    t =     7.01s             Find: Elements matching predicate '"Type" IN identifiers'
    t =     7.12s             Wait for app to idle
    t =     7.25s         Synthesize event
    t =     7.30s             Scroll element to visible
    t =     7.31s             Assertion Failure: <unknown>:0: Failed to scroll to visible (by AX action) Button 0x608000367680: traits: 8589934593, {{260.0, 520.0}, {44.0, 29.0}}, label: 'Type', error: Error -25204 performing AXAction 2003
<unknown>:0: error: -[BullsEyeUITests.BullsEyeUITests2 testGameSlider] : Failed to scroll to visible (by AX action) Button 0x608000367680: traits: 8589934593, {{260.0, 520.0}, {44.0, 29.0}}, label: 'Type', error: Error -25204 performing AXAction 2003
XCTestOutputBarrier    t =     7.31s     Find the "Type" Button
    t =     7.31s         Snapshot accessibility hierarchy for com.razeware.BullsEye
    t =     7.34s         Find: Descendants matching type SegmentedControl
    t =     7.34s         Find: Descendants matching type Button
    t =     7.34s         Find: Elements matching predicate '"Type" IN identifiers'
    t =     7.35s     Assertion Failure: BullsEyeUITests2.swift:50: Unable to find hit point for Button 0x6000003780c0: traits: 8589934593, {{260.0, 520.0}, {44.0, 29.0}}, label: 'Type'
    t =     7.35s     Tear Down
Test Case '-[BullsEyeUITests.BullsEyeUITests2 testGameSlider]' failed (7.629 seconds).
XCTestOutputBarrierTest Suite 'BullsEyeUITests2' failed at 2017-06-15 10:22:58.256.
	 Executed 1 test, with 1 failure (0 unexpected) in 7.629 (7.631) seconds
XCTestOutputBarrierTest Suite 'BullsEyeUITests3' started at 2017-06-15 10:22:58.257
XCTestOutputBarrierTest Case '-[BullsEyeUITests.BullsEyeUITests3 testGameTypeBox]' started.
XCTestOutputBarrier    t =     0.00s     Start Test at 2017-06-15 10:22:58.258
    t =     0.00s     Set Up
    t =     0.10s         Launch com.razeware.BullsEye
    t =     0.23s             Terminate com.razeware.BullsEye:53671
    t =     5.42s             Wait for app to idle
    t =     6.63s     Find the "Slide" Button
    t =     6.63s         Snapshot accessibility hierarchy for com.razeware.BullsEye
    t =     6.68s         Find: Descendants matching type SegmentedControl
    t =     6.68s         Find: Descendants matching type Button
    t =     6.68s         Find: Elements matching predicate '"Slide" IN identifiers'
    t =     6.68s     Use cached accessibility hierarchy for com.razeware.BullsEye
    t =     6.68s     Find: Descendants matching type StaticText
    t =     6.68s     Find: Elements matching predicate '"Get as close as you can to: " IN identifiers'
    t =     6.69s     Use cached accessibility hierarchy for com.razeware.BullsEye
    t =     6.69s     Find: Descendants matching type StaticText
    t =     6.69s     Find: Elements matching predicate '"Guess where the slider is: " IN identifiers'
    t =     6.69s     Tap "Type" Button
    t =     6.69s         Wait for app to idle
    t =     6.82s         Find the "Type" Button
    t =     6.82s             Snapshot accessibility hierarchy for com.razeware.BullsEye
    t =     6.85s             Find: Descendants matching type SegmentedControl
    t =     6.85s             Find: Descendants matching type Button
    t =     6.85s             Find: Elements matching predicate '"Type" IN identifiers'
    t =     6.96s             Wait for app to idle
    t =     7.11s         Synthesize event
    t =     7.15s             Scroll element to visible
    t =     7.16s             Assertion Failure: <unknown>:0: Failed to scroll to visible (by AX action) Button 0x60000037a580: traits: 8589934593, {{260.0, 520.0}, {44.0, 29.0}}, label: 'Type', error: Error -25204 performing AXAction 2003
<unknown>:0: error: -[BullsEyeUITests.BullsEyeUITests3 testGameTypeBox] : Failed to scroll to visible (by AX action) Button 0x60000037a580: traits: 8589934593, {{260.0, 520.0}, {44.0, 29.0}}, label: 'Type', error: Error -25204 performing AXAction 2003
XCTestOutputBarrier    t =     7.16s     Find the "Type" Button
    t =     7.16s         Snapshot accessibility hierarchy for com.razeware.BullsEye
    t =     7.19s         Find: Descendants matching type SegmentedControl
    t =     7.19s         Find: Descendants matching type Button
    t =     7.19s         Find: Elements matching predicate '"Type" IN identifiers'
    t =     7.20s     Assertion Failure: BullsEyeUITests3.swift:52: Unable to find hit point for Button 0x60000037b9c0: traits: 8589934593, {{260.0, 520.0}, {44.0, 29.0}}, label: 'Type'
    t =     7.20s     Tear Down
Test Case '-[BullsEyeUITests.BullsEyeUITests3 testGameTypeBox]' failed (7.475 seconds).
XCTestOutputBarrierTest Suite 'BullsEyeUITests3' failed at 2017-06-15 10:23:05.734.
	 Executed 1 test, with 1 failure (0 unexpected) in 7.475 (7.477) seconds
XCTestOutputBarrierTest Suite 'BullsEyeUITests.xctest' failed at 2017-06-15 10:23:05.735.
	 Executed 3 tests, with 3 failures (0 unexpected) in 22.391 (22.398) seconds
XCTestOutputBarrierTest Suite 'All tests' failed at 2017-06-15 10:23:05.736.
	 Executed 3 tests, with 3 failures (0 unexpected) in 22.391 (22.400) seconds
XCTestOutputBarrierXCTestOutputBarrier
BP_APP_PROC_ENDED
